<?xml version="1.0" encoding="UTF-8"?>
<testng-results skipped="0" failed="0" ignored="0" total="1" passed="1">
  <reporter-output>
  </reporter-output>
  <suite name="Suite" duration-ms="46068" started-at="2019-10-10T17:39:20Z" finished-at="2019-10-10T17:40:06Z">
    <groups>
    </groups>
    <test name="Test" duration-ms="46068" started-at="2019-10-10T17:39:20Z" finished-at="2019-10-10T17:40:06Z">
      <class name="com.mercury.tests.RegisterPageTest">
        <test-method status="PASS" signature="beforeAllTestStart()[pri:0, instance:com.mercury.tests.RegisterPageTest@38c5cc4c]" name="beforeAllTestStart" is-config="true" duration-ms="0" started-at="2019-10-10T13:39:20Z" finished-at="2019-10-10T13:39:20Z">
          <reporter-output>
          </reporter-output>
        </test-method> <!-- beforeAllTestStart -->
        <test-method status="PASS" signature="beforeEachTestStart()[pri:0, instance:com.mercury.tests.RegisterPageTest@38c5cc4c]" name="beforeEachTestStart" is-config="true" duration-ms="4142" started-at="2019-10-10T13:39:20Z" finished-at="2019-10-10T13:39:24Z">
          <reporter-output>
          </reporter-output>
        </test-method> <!-- beforeEachTestStart -->
        <test-method status="PASS" signature="Registerpagetest1()[pri:0, instance:com.mercury.tests.RegisterPageTest@38c5cc4c]" name="Registerpagetest1" duration-ms="39186" started-at="2019-10-10T13:39:24Z" finished-at="2019-10-10T13:40:03Z">
          <reporter-output>
          </reporter-output>
        </test-method> <!-- Registerpagetest1 -->
        <test-method status="PASS" signature="afterEachTestEnd(org.testng.ITestResult)[pri:0, instance:com.mercury.tests.RegisterPageTest@38c5cc4c]" name="afterEachTestEnd" is-config="true" duration-ms="2722" started-at="2019-10-10T13:40:03Z" finished-at="2019-10-10T13:40:06Z">
          <params>
            <param index="0">
              <value>
                <![CDATA[[TestResult name=Registerpagetest1 status=SUCCESS method=RegisterPageTest.Registerpagetest1()[pri:0, instance:com.mercury.tests.RegisterPageTest@38c5cc4c] output={null}]]]>
              </value>
            </param>
          </params>
          <reporter-output>
          </reporter-output>
        </test-method> <!-- afterEachTestEnd -->
        <test-method status="PASS" signature="afterAllTestCompleted()[pri:0, instance:com.mercury.tests.RegisterPageTest@38c5cc4c]" name="afterAllTestCompleted" is-config="true" duration-ms="0" started-at="2019-10-10T13:40:06Z" finished-at="2019-10-10T13:40:06Z">
          <reporter-output>
          </reporter-output>
        </test-method> <!-- afterAllTestCompleted -->
      </class> <!-- com.mercury.tests.RegisterPageTest -->
    </test> <!-- Test -->
  </suite> <!-- Suite -->
</testng-results>
